ncverilog(64): 15.20-s058: (c) Copyright 1995-2018 Cadence Design Systems, Inc.
TOOL:	ncverilog	15.20-s058: Started on Apr 28, 2023 at 09:38:40 CEST
ncverilog
	+sv
	-f files_verilog.f
		../Verilog/RTL/alu.v
		../Verilog/RTL/alu_control.v
		../Verilog/RTL/branch_unit.v
		../Verilog/RTL/control_unit.v
		../Verilog/RTL/cpu.v
		../Verilog/RTL/immediate_extend_unit.v
		../Verilog/RTL/mux_2.v
		../Verilog/RTL/pc.v
		../Verilog/RTL/reg_arstn.v
		../Verilog/RTL/reg_arstn_en.v
		../Verilog/RTL/register_file.v
		../Verilog/RTL/sram.v
		../Verilog/cpu_tb.v
		../Verilog/sky130_sram_2rw.v
	+nc64bit
	+nctimescale+1ns/10ps
	+access+rwc
	-ALLOWREDEFINITION
Recompiling... reason: file '../Verilog/RTL/control_unit.v' is newer than expected.
	expected: Fri Apr 28 09:34:29 2023
	actual:   Fri Apr 28 09:37:40 2023
file: ../Verilog/RTL/control_unit.v
	module worklib.control_unit:v
		errors: 0, warnings: 0
		Caching library 'worklib' ....... Done
	Elaborating the design hierarchy:
ncelab: *W,DSEMEL: This SystemVerilog design will be simulated as per IEEE 1800-2009 SystemVerilog simulation semantics. Use -disable_sem2009 option for turning off SV 2009 simulation semantics.
	Building instance overlay tables: .................... Done
	Generating native compiled code:
		worklib.control_unit:v <0x7c4283f5>
			streams:   1, words:  6601
	Building instance specific data structures.
	Loading native compiled code:     .................... Done
	Design hierarchy summary:
		                  Instances  Unique
		Modules:                 19      16
		Registers:              105     102
		Scalar wires:            33       -
		Expanded wires:          32       1
		Vectored wires:          40       -
		Always blocks:           42      39
		Initial blocks:           3       3
		Cont. assignments:        3       5
		Pseudo assignments:      31      31
		Simulation timescale:  10ps
	Writing initial simulation snapshot: worklib.reg_arstn:v
Loading snapshot worklib.reg_arstn:v .................... Done
ncsim: *W,DSEM2009: This SystemVerilog design is simulated as per IEEE 1800-2009 SystemVerilog simulation semantics. Use -disable_sem2009 option for turning off SV 2009 simulation semantics.
ncsim> source /esat/micas-data/software/Cadence/incisiv_15.20.058/tools/inca/files/ncsimrc
ncsim> run

Start Execution

[1;34m
Working Correctly:                         ADDI(x8)
[0m
[1;34m
Working Correctly:                         ADDI(x9)
[0m
[1;34m
Working Correctly:                               SD
[0m
[1;34m
Working Correctly:                               LD
[0m
[1;34m
Working Correctly:                              ADD
[0m
[1;34m
Working Correctly:                              BEQ
[0m
[1;34m
Working Correctly:                              SLL
[0m
         10 cycles
Simulation complete via $finish(1) at time 29450 NS + 8
../Verilog/cpu_tb.v:324    $finish;
ncsim> exit
TOOL:	ncverilog	15.20-s058: Exiting on Apr 28, 2023 at 09:38:40 CEST  (total: 00:00:00)
